2023-09-03 07:58:53.354  INFO 22032 --- [main] com.cgi.recipe.RecipeApplication         : Starting RecipeApplication using Java 17.0.8 on DESKTOP-6VS4LIF with PID 22032 (D:\Anitha\AnithaLearningDocs\CGI\cginederlandassessment-recipe-cgi-assessment-1-6b253eafb18a\recipeapp\target\classes started by Pari Paramasivam in D:\Anitha\AnithaLearningDocs\CGI\cginederlandassessment-recipe-cgi-assessment-1-6b253eafb18a\recipeapp)
2023-09-03 07:58:53.358  INFO 22032 --- [main] com.cgi.recipe.RecipeApplication         : No active profile set, falling back to 1 default profile: "default"
2023-09-03 07:58:54.019  INFO 22032 --- [main] o.s.b.w.embedded.tomcat.TomcatWebServer  : Tomcat initialized with port(s): 8004 (http)
2023-09-03 07:58:54.026  INFO 22032 --- [main] o.apache.catalina.core.StandardService   : Starting service [Tomcat]
2023-09-03 07:58:54.037  INFO 22032 --- [main] org.apache.catalina.core.StandardEngine  : Starting Servlet engine: [Apache Tomcat/9.0.73]
2023-09-03 07:58:54.111  INFO 22032 --- [main] o.a.c.c.C.[Tomcat].[localhost].[/]       : Initializing Spring embedded WebApplicationContext
2023-09-03 07:58:54.111  INFO 22032 --- [main] w.s.c.ServletWebServerApplicationContext : Root WebApplicationContext: initialization completed in 721 ms
2023-09-03 07:58:54.705  INFO 22032 --- [main] o.s.b.w.embedded.tomcat.TomcatWebServer  : Tomcat started on port(s): 8004 (http) with context path ''
2023-09-03 07:58:54.712  INFO 22032 --- [main] com.cgi.recipe.RecipeApplication         : Started RecipeApplication in 1.67 seconds (JVM running for 2.446)
2023-09-03 07:59:31.379  INFO 22032 --- [http-nio-8004-exec-1] o.a.c.c.C.[Tomcat].[localhost].[/]       : Initializing Spring DispatcherServlet 'dispatcherServlet'
2023-09-03 07:59:31.379  INFO 22032 --- [http-nio-8004-exec-1] o.s.web.servlet.DispatcherServlet        : Initializing Servlet 'dispatcherServlet'
2023-09-03 07:59:31.380  INFO 22032 --- [http-nio-8004-exec-1] o.s.web.servlet.DispatcherServlet        : Completed initialization in 1 ms
2023-09-03 07:59:32.142  INFO 22032 --- [http-nio-8004-exec-3] o.springdoc.api.AbstractOpenApiResource  : Init duration for springdoc-openapi is: 227 ms
2023-09-03 07:59:48.497  INFO 22032 --- [http-nio-8004-exec-4] c.c.r.s.impl.GetRecipeInfoServiceImpl    : Retrived record class com.cgi.recipe.service.impl.GetRecipeInfoServiceImpl
2023-09-03 08:00:34.295  INFO 22032 --- [RMI TCP Connection(5)-127.0.0.1] inMXBeanRegistrar$SpringApplicationAdmin : Application shutdown requested.
2023-09-03 08:00:34.303  INFO 22032 --- [RMI TCP Connection(5)-127.0.0.1] o.apache.catalina.core.StandardService   : Stopping service [Tomcat]
2023-09-03 08:00:34.305  INFO 22032 --- [RMI TCP Connection(5)-127.0.0.1] o.a.c.c.C.[Tomcat].[localhost].[/]       : Destroying Spring FrameworkServlet 'dispatcherServlet'
2023-09-03 08:00:47.337  INFO 23088 --- [main] com.cgi.recipe.RecipeApplication         : Starting RecipeApplication using Java 17.0.8 on DESKTOP-6VS4LIF with PID 23088 (D:\Anitha\AnithaLearningDocs\CGI\cginederlandassessment-recipe-cgi-assessment-1-6b253eafb18a\recipeapp\target\classes started by Pari Paramasivam in D:\Anitha\AnithaLearningDocs\CGI\cginederlandassessment-recipe-cgi-assessment-1-6b253eafb18a\recipeapp)
2023-09-03 08:00:47.338  INFO 23088 --- [main] com.cgi.recipe.RecipeApplication         : No active profile set, falling back to 1 default profile: "default"
2023-09-03 08:00:47.901  INFO 23088 --- [main] o.s.b.w.embedded.tomcat.TomcatWebServer  : Tomcat initialized with port(s): 8004 (http)
2023-09-03 08:00:47.906  INFO 23088 --- [main] o.apache.catalina.core.StandardService   : Starting service [Tomcat]
2023-09-03 08:00:47.907  INFO 23088 --- [main] org.apache.catalina.core.StandardEngine  : Starting Servlet engine: [Apache Tomcat/9.0.73]
2023-09-03 08:00:47.982  INFO 23088 --- [main] o.a.c.c.C.[Tomcat].[localhost].[/]       : Initializing Spring embedded WebApplicationContext
2023-09-03 08:00:47.982  INFO 23088 --- [main] w.s.c.ServletWebServerApplicationContext : Root WebApplicationContext: initialization completed in 609 ms
2023-09-03 08:00:48.466  INFO 23088 --- [main] o.s.b.w.embedded.tomcat.TomcatWebServer  : Tomcat started on port(s): 8004 (http) with context path ''
2023-09-03 08:00:48.474  INFO 23088 --- [main] com.cgi.recipe.RecipeApplication         : Started RecipeApplication in 1.416 seconds (JVM running for 1.829)
2023-09-03 08:00:59.887  INFO 23088 --- [http-nio-8004-exec-1] o.a.c.c.C.[Tomcat].[localhost].[/]       : Initializing Spring DispatcherServlet 'dispatcherServlet'
2023-09-03 08:00:59.888  INFO 23088 --- [http-nio-8004-exec-1] o.s.web.servlet.DispatcherServlet        : Initializing Servlet 'dispatcherServlet'
2023-09-03 08:00:59.889  INFO 23088 --- [http-nio-8004-exec-1] o.s.web.servlet.DispatcherServlet        : Completed initialization in 1 ms
2023-09-03 08:01:00.358  INFO 23088 --- [http-nio-8004-exec-4] o.springdoc.api.AbstractOpenApiResource  : Init duration for springdoc-openapi is: 190 ms
2023-09-03 08:01:09.078  INFO 23088 --- [http-nio-8004-exec-2] c.c.r.s.impl.GetRecipeInfoServiceImpl    : Retrived record class com.cgi.recipe.service.impl.GetRecipeInfoServiceImpl
2023-09-03 08:02:31.996  INFO 23088 --- [RMI TCP Connection(5)-127.0.0.1] inMXBeanRegistrar$SpringApplicationAdmin : Application shutdown requested.
2023-09-03 08:02:32.003  INFO 23088 --- [RMI TCP Connection(5)-127.0.0.1] o.apache.catalina.core.StandardService   : Stopping service [Tomcat]
2023-09-03 08:02:32.004  INFO 23088 --- [RMI TCP Connection(5)-127.0.0.1] o.a.c.c.C.[Tomcat].[localhost].[/]       : Destroying Spring FrameworkServlet 'dispatcherServlet'
